<?xml version="1.0" encoding="UTF-8"?>
<testng-results ignored="0" total="1" passed="1" failed="0" skipped="0">
  <reporter-output>
  </reporter-output>
  <suite started-at="2025-09-21T00:21:46 IST" name="Default suite" finished-at="2025-09-21T00:21:46 IST" duration-ms="56">
    <groups>
    </groups>
    <test started-at="2025-09-21T00:21:46 IST" name="Default test" finished-at="2025-09-21T00:21:46 IST" duration-ms="56">
      <class name="sep_2025.NewTest">
        <test-method is-config="true" signature="beforeTest()[pri:0, instance:sep_2025.NewTest@4c178a76]" started-at="2025-09-21T00:21:46 IST" name="beforeTest" finished-at="2025-09-21T00:21:46 IST" duration-ms="12" status="PASS">
          <reporter-output>
          </reporter-output>
        </test-method> <!-- beforeTest -->
        <test-method signature="f()[pri:0, instance:sep_2025.NewTest@4c178a76]" started-at="2025-09-21T00:21:46 IST" name="f" finished-at="2025-09-21T00:21:46 IST" duration-ms="6" status="PASS">
          <reporter-output>
          </reporter-output>
        </test-method> <!-- f -->
        <test-method is-config="true" signature="afterTest()[pri:0, instance:sep_2025.NewTest@4c178a76]" started-at="2025-09-21T00:21:46 IST" name="afterTest" finished-at="2025-09-21T00:21:46 IST" duration-ms="1" status="PASS">
          <reporter-output>
          </reporter-output>
        </test-method> <!-- afterTest -->
      </class> <!-- sep_2025.NewTest -->
    </test> <!-- Default test -->
  </suite> <!-- Default suite -->
</testng-results>
